{"timestamp":"2024-01-08T11:37:18","message":"{action=CREATE, user=com.fds.softlog.models.User@4e283089}","action":"CREATE","user":{"id":"659bcd56821fc97070330c05","name":"John","age":18,"email":"john@gmail.com","password":"john"}}
{"timestamp":"2024-01-08T11:38:45","message":"{action=CREATE, user=com.fds.softlog.models.User@4e283089}","action":"CREATE","user":{"id":"659bcd56821fc97070330c05","name":"John","age":18,"email":"john@gmail.com","password":"john"}}
{"timestamp":"2024-01-08T11:39:39","message":"{action=CREATE, user=com.fds.softlog.models.User@4e283089}","action":"CREATE","user":{"id":"659bcd56821fc97070330c05","name":"John","age":18,"email":"john@gmail.com","password":"john"}}
{"timestamp":"2024-01-08T11:40:48","message":"{action=UPDATE, user=com.fds.softlog.models.User@4e283089}","action":"UPDATE","user":{"id":"659bcd56821fc97070330c05","name":"John","age":18,"email":"john@gmail.com","password":"john"}}
{"timestamp":"2024-01-08T11:42:55","message":"{action=READ, user=com.fds.softlog.models.User@16d955c1, searchedProduct=com.fds.softlog.models.Product@6f759331}","action":"READ","user":{"id":"659bcb08821fc97070330bfb","name":"Mary","age":34,"email":"mary@gmail.com","password":"mary"},"searchedProduct":{"id":"659bd0b5821fc97070330c07","name":"golden pen","expirationDate":[2026,6,1],"price":1499.0}}
{"timestamp":"2024-01-08T11:43:18","message":"{action=READ, user=com.fds.softlog.models.User@16d955c1, searchedProduct=com.fds.softlog.models.Product@338e47b1}","action":"READ","user":{"id":"659bcb08821fc97070330bfb","name":"Mary","age":34,"email":"mary@gmail.com","password":"mary"},"searchedProduct":{"id":"659bd05d821fc97070330c06","name":"pretty book","expirationDate":[2030,12,25],"price":29.0}}
{"timestamp":"2024-01-08T11:44:27","message":"{action=CREATE, user=com.fds.softlog.models.User@16d955c1}","action":"CREATE","user":{"id":"659bcb08821fc97070330bfb","name":"Mary","age":34,"email":"mary@gmail.com","password":"mary"}}
{"timestamp":"2024-01-08T11:44:53","message":"{action=READ, user=com.fds.softlog.models.User@16d955c1}","action":"READ","user":{"id":"659bcb08821fc97070330bfb","name":"Mary","age":34,"email":"mary@gmail.com","password":"mary"}}
{"timestamp":"2024-01-08T11:50:01","message":"{action=READ, user=com.fds.softlog.models.User@7b92127f}","action":"READ","user":{"id":"659bcb42821fc97070330bfc","name":"Henry","age":45,"email":"henry@gmail.com","password":"henry"}}
{"timestamp":"2024-01-08T11:51:37","message":"{action=CREATE, user=com.fds.softlog.models.User@7b92127f}","action":"CREATE","user":{"id":"659bcb42821fc97070330bfc","name":"Henry","age":45,"email":"henry@gmail.com","password":"henry"}}
{"timestamp":"2024-01-08T11:51:48","message":"{action=DELETE, user=com.fds.softlog.models.User@7b92127f}","action":"DELETE","user":{"id":"659bcb42821fc97070330bfc","name":"Henry","age":45,"email":"henry@gmail.com","password":"henry"}}
{"timestamp":"2024-01-08T11:53:02","message":"{action=CREATE, user=com.fds.softlog.models.User@7b92127f}","action":"CREATE","user":{"id":"659bcb42821fc97070330bfc","name":"Henry","age":45,"email":"henry@gmail.com","password":"henry"}}
{"timestamp":"2024-01-08T11:53:11","message":"{action=DELETE, user=com.fds.softlog.models.User@7b92127f}","action":"DELETE","user":{"id":"659bcb42821fc97070330bfc","name":"Henry","age":45,"email":"henry@gmail.com","password":"henry"}}
{"timestamp":"2024-01-08T11:53:53","message":"{action=READ, user=com.fds.softlog.models.User@511a791f}","action":"READ","user":{"id":"659bcb70821fc97070330bfd","name":"Mike","age":26,"email":"mike@gmail.com","password":"mike"}}
{"timestamp":"2024-01-08T11:53:55","message":"{action=READ, user=com.fds.softlog.models.User@511a791f}","action":"READ","user":{"id":"659bcb70821fc97070330bfd","name":"Mike","age":26,"email":"mike@gmail.com","password":"mike"}}
{"timestamp":"2024-01-08T11:54:30","message":"{action=READ, user=com.fds.softlog.models.User@511a791f, searchedProduct=com.fds.softlog.models.Product@3b85da17}","action":"READ","user":{"id":"659bcb70821fc97070330bfd","name":"Mike","age":26,"email":"mike@gmail.com","password":"mike"},"searchedProduct":{"id":"659bd20b821fc97070330c09","name":"trendy smartphone","expirationDate":[2024,2,22],"price":1100.0}}
{"timestamp":"2024-01-08T11:55:56","message":"{action=READ, user=com.fds.softlog.models.User@511a791f, searchedProduct=com.fds.softlog.models.Product@2103307b}","action":"READ","user":{"id":"659bcb70821fc97070330bfd","name":"Mike","age":26,"email":"mike@gmail.com","password":"mike"},"searchedProduct":{"id":"659bd05d821fc97070330c06","name":"pretty book","expirationDate":[2030,12,25],"price":29.0}}
{"timestamp":"2024-01-08T11:56:52","message":"{action=DELETE, user=com.fds.softlog.models.User@2e435b3}","action":"DELETE","user":{"id":"659bcb8e821fc97070330bfe","name":"Josh","age":38,"email":"josh@gmail.com","password":"josh"}}
{"timestamp":"2024-01-08T11:57:03","message":"{action=DELETE, user=com.fds.softlog.models.User@2e435b3}","action":"DELETE","user":{"id":"659bcb8e821fc97070330bfe","name":"Josh","age":38,"email":"josh@gmail.com","password":"josh"}}
{"timestamp":"2024-01-08T11:57:14","message":"{action=DELETE, user=com.fds.softlog.models.User@2e435b3}","action":"DELETE","user":{"id":"659bcb8e821fc97070330bfe","name":"Josh","age":38,"email":"josh@gmail.com","password":"josh"}}
{"timestamp":"2024-01-08T11:58:14","message":"{action=CREATE, user=com.fds.softlog.models.User@2e435b3}","action":"CREATE","user":{"id":"659bcb8e821fc97070330bfe","name":"Josh","age":38,"email":"josh@gmail.com","password":"josh"}}
{"timestamp":"2024-01-08T11:59:00","message":"{action=READ, user=com.fds.softlog.models.User@147b27ab}","action":"READ","user":{"id":"659bcbce821fc97070330bff","name":"Adam","age":22,"email":"adam@gmail.com","password":"adam"}}
{"timestamp":"2024-01-08T11:59:03","message":"{action=READ, user=com.fds.softlog.models.User@147b27ab}","action":"READ","user":{"id":"659bcbce821fc97070330bff","name":"Adam","age":22,"email":"adam@gmail.com","password":"adam"}}
{"timestamp":"2024-01-08T11:59:16","message":"{action=READ, user=com.fds.softlog.models.User@147b27ab, searchedProduct=com.fds.softlog.models.Product@782e9c89}","action":"READ","user":{"id":"659bcbce821fc97070330bff","name":"Adam","age":22,"email":"adam@gmail.com","password":"adam"},"searchedProduct":{"id":"658094f029aefb12bece84fd","name":"nutella","expirationDate":[2023,12,31],"price":9.0}}
{"timestamp":"2024-01-08T11:59:42","message":"{action=READ, user=com.fds.softlog.models.User@147b27ab, searchedProduct=com.fds.softlog.models.Product@b5e1208}","action":"READ","user":{"id":"659bcbce821fc97070330bff","name":"Adam","age":22,"email":"adam@gmail.com","password":"adam"},"searchedProduct":{"id":"659bd546821fc97070330c0c","name":"mineral water (6L)","expirationDate":[2024,1,28],"price":10.0}}
{"timestamp":"2024-01-08T11:59:46","message":"{action=READ, user=com.fds.softlog.models.User@147b27ab}","action":"READ","user":{"id":"659bcbce821fc97070330bff","name":"Adam","age":22,"email":"adam@gmail.com","password":"adam"}}
{"timestamp":"2024-01-08T12:00:22","message":"{action=UPDATE, user=com.fds.softlog.models.User@147b27ab}","action":"UPDATE","user":{"id":"659bcbce821fc97070330bff","name":"Adam","age":22,"email":"adam@gmail.com","password":"adam"}}
{"timestamp":"2024-01-08T12:02:31","message":"{action=READ, user=com.fds.softlog.models.User@783c9bf1, searchedProduct=com.fds.softlog.models.Product@22943dbc}","action":"READ","user":{"id":"659bcbf5821fc97070330c00","name":"Roger","age":59,"email":"roger@gmail.com","password":"roger"},"searchedProduct":{"id":"658094f029aefb12bece84fd","name":"nutella","expirationDate":[2023,12,31],"price":9.0}}
{"timestamp":"2024-01-08T12:03:44","message":"{action=CREATE, user=com.fds.softlog.models.User@214af26d}","action":"CREATE","user":{"id":"659bcc59821fc97070330c02","name":"Kate","age":31,"email":"kate@gmail.com","password":"kate"}}
{"timestamp":"2024-01-08T12:04:20","message":"{action=CREATE, user=com.fds.softlog.models.User@214af26d}","action":"CREATE","user":{"id":"659bcc59821fc97070330c02","name":"Kate","age":31,"email":"kate@gmail.com","password":"kate"}}
{"timestamp":"2024-01-08T12:04:27","message":"{action=READ, user=com.fds.softlog.models.User@214af26d}","action":"READ","user":{"id":"659bcc59821fc97070330c02","name":"Kate","age":31,"email":"kate@gmail.com","password":"kate"}}
{"timestamp":"2024-01-08T12:04:57","message":"{action=READ, user=com.fds.softlog.models.User@7ea734fe}","action":"READ","user":{"id":"659bccb0821fc97070330c03","name":"Emma","age":23,"email":"emma@gmail.com","password":"emma"}}
{"timestamp":"2024-01-08T12:05:39","message":"{action=UPDATE, user=com.fds.softlog.models.User@7ea734fe}","action":"UPDATE","user":{"id":"659bccb0821fc97070330c03","name":"Emma","age":23,"email":"emma@gmail.com","password":"emma"}}
{"timestamp":"2024-01-08T12:06:06","message":"{action=READ, user=com.fds.softlog.models.User@7ea734fe, searchedProduct=com.fds.softlog.models.Product@258512c}","action":"READ","user":{"id":"659bccb0821fc97070330c03","name":"Emma","age":23,"email":"emma@gmail.com","password":"emma"},"searchedProduct":{"id":"658094f029aefb12bece84fd","name":"nutella","expirationDate":[2023,12,31],"price":9.0}}
{"timestamp":"2024-01-08T12:07:11","message":"{action=READ, user=com.fds.softlog.models.User@8f5c331}","action":"READ","user":{"id":"659bccd7821fc97070330c04","name":"Sophia","age":42,"email":"sophia@gmail.com","password":"sophia"}}
{"timestamp":"2024-01-08T12:07:14","message":"{action=READ, user=com.fds.softlog.models.User@8f5c331}","action":"READ","user":{"id":"659bccd7821fc97070330c04","name":"Sophia","age":42,"email":"sophia@gmail.com","password":"sophia"}}
{"timestamp":"2024-01-08T12:07:17","message":"{action=READ, user=com.fds.softlog.models.User@8f5c331}","action":"READ","user":{"id":"659bccd7821fc97070330c04","name":"Sophia","age":42,"email":"sophia@gmail.com","password":"sophia"}}
